<html>
<head>
<title>TestNG:  Surefire test</title>
<link href="../testng.css" rel="stylesheet" type="text/css" />
<link href="../my-testng.css" rel="stylesheet" type="text/css" />

<style type="text/css">
.log { display: none;} 
.stack-trace { display: none;} 
</style>
<script type="text/javascript">
<!--
function flip(e) {
  current = e.style.display;
  if (current == 'block') {
    e.style.display = 'none';
    return 0;
  }
  else {
    e.style.display = 'block';
    return 1;
  }
}

function toggleBox(szDivId, elem, msg1, msg2)
{
  var res = -1;  if (document.getElementById) {
    res = flip(document.getElementById(szDivId));
  }
  else if (document.all) {
    // this is the way old msie versions work
    res = flip(document.all[szDivId]);
  }
  if(elem) {
    if(res == 0) elem.innerHTML = msg1; else elem.innerHTML = msg2;
  }

}

function toggleAllBoxes() {
  if (document.getElementsByTagName) {
    d = document.getElementsByTagName('div');
    for (i = 0; i < d.length; i++) {
      if (d[i].className == 'log') {
        flip(d[i]);
      }
    }
  }
}

// -->
</script>

</head>
<body>
<h2 align='center'>Surefire test</h2><table border='1' align="center">
<tr>
<td>Tests passed/Failed/Skipped:</td><td>3/3/0</td>
</tr><tr>
<td>Started on:</td><td>Sat Jul 23 03:32:37 EET 2022</td>
</tr>
<tr><td>Total time:</td><td>53 seconds (53432 ms)</td>
</tr><tr>
<td>Included groups:</td><td></td>
</tr><tr>
<td>Excluded groups:</td><td></td>
</tr>
</table><p/>
<small><i>(Hover the method name to see the test class name)</i></small><p/>
<table width='100%' border='1' class='invocation-failed'>
<tr><td colspan='4' align='center'><b>FAILED TESTS</b></td></tr>
<tr><td><b>Test method</b></td>
<td><b>Attribute(s)</b></td>
<td width="30%"><b>Exception</b></td>
<td width="10%"><b>Time (seconds)</b></td>
<td><b>Instance</b></td>
</tr>
<tr>
<td title='org.example.testRunner.Runners.runScenario()'><b>runScenario</b><br>Test class: org.example.testRunner.Runners<br>Test method: Runs Cucumber Scenarios<br>Parameters: "user redirect to correct page of the second slider", "F06_HomeSliders | user could redirect to correct URL"</td>
<td><div><pre>java.lang.AssertionError: second slider expected [https://demo.nopcommerce.com/iphone-6] but found [https://demo.nopcommerce.com/]
	at org.example.stepDefs.D06_homeSlidersStepDef.validateSecondSlider(D06_homeSlidersStepDef.java:38)
	at ✽.validate &quot;https://demo.nopcommerce.com/iphone-6&quot; is correct on &quot;second slider&quot;(file:///C:/Users/Yodawy/IdeaProjects/DemoNopCommerce/src/main/resources/features/F06_HomeSliders.feature:13)
... Removed 5 stack frames</pre></div><a href='#' onClick='toggleBox("stack-trace1624510452", this, "Click to show all stack frames", "Click to hide stack frames")'>Click to show all stack frames</a>
<div class='stack-trace' id='stack-trace1624510452'><pre>java.lang.AssertionError: second slider expected [https://demo.nopcommerce.com/iphone-6] but found [https://demo.nopcommerce.com/]
	at org.testng.Assert.fail(Assert.java:110)
	at org.testng.Assert.failNotEquals(Assert.java:1413)
	at org.testng.Assert.assertEqualsImpl(Assert.java:149)
	at org.testng.Assert.assertEquals(Assert.java:131)
	at org.testng.Assert.assertEquals(Assert.java:655)
	at org.example.stepDefs.D06_homeSlidersStepDef.validateSecondSlider(D06_homeSlidersStepDef.java:38)
	at ✽.validate &quot;https://demo.nopcommerce.com/iphone-6&quot; is correct on &quot;second slider&quot;(file:///C:/Users/Yodawy/IdeaProjects/DemoNopCommerce/src/main/resources/features/F06_HomeSliders.feature:13)
</pre></div></td>
<td>10</td>
<td>org.example.testRunner.Runners@60d8c9b7</td></tr>
<tr>
<td title='org.example.testRunner.Runners.runScenario()'><b>runScenario</b><br>Test class: org.example.testRunner.Runners<br>Test method: Runs Cucumber Scenarios<br>Parameters: "user redirect to correct page of the first slider", "F06_HomeSliders | user could redirect to correct URL"</td>
<td><div><pre>java.lang.AssertionError: first slider expected [https://demo.nopcommerce.com/nokia-lumia-1020] but found [https://demo.nopcommerce.com/]
	at org.example.stepDefs.D06_homeSlidersStepDef.validateSecondSlider(D06_homeSlidersStepDef.java:38)
	at ✽.validate &quot;https://demo.nopcommerce.com/nokia-lumia-1020&quot; is correct on &quot;first slider&quot;(file:///C:/Users/Yodawy/IdeaProjects/DemoNopCommerce/src/main/resources/features/F06_HomeSliders.feature:8)
... Removed 5 stack frames</pre></div><a href='#' onClick='toggleBox("stack-trace761533964", this, "Click to show all stack frames", "Click to hide stack frames")'>Click to show all stack frames</a>
<div class='stack-trace' id='stack-trace761533964'><pre>java.lang.AssertionError: first slider expected [https://demo.nopcommerce.com/nokia-lumia-1020] but found [https://demo.nopcommerce.com/]
	at org.testng.Assert.fail(Assert.java:110)
	at org.testng.Assert.failNotEquals(Assert.java:1413)
	at org.testng.Assert.assertEqualsImpl(Assert.java:149)
	at org.testng.Assert.assertEquals(Assert.java:131)
	at org.testng.Assert.assertEquals(Assert.java:655)
	at org.example.stepDefs.D06_homeSlidersStepDef.validateSecondSlider(D06_homeSlidersStepDef.java:38)
	at ✽.validate &quot;https://demo.nopcommerce.com/nokia-lumia-1020&quot; is correct on &quot;first slider&quot;(file:///C:/Users/Yodawy/IdeaProjects/DemoNopCommerce/src/main/resources/features/F06_HomeSliders.feature:8)
</pre></div></td>
<td>8</td>
<td>org.example.testRunner.Runners@60d8c9b7</td></tr>
<tr>
<td title='org.example.testRunner.Runners.runScenario()'><b>runScenario</b><br>Test class: org.example.testRunner.Runners<br>Test method: Runs Cucumber Scenarios<br>Parameters: "user opens rss link", "F07_FollowUs | users could open followUs links"</td>
<td><div><pre>java.lang.IndexOutOfBoundsException: Index 1 out of bounds for length 1
	at java.base/jdk.internal.util.Preconditions.outOfBounds(Preconditions.java:100)
	at java.base/jdk.internal.util.Preconditions.outOfBoundsCheckIndex(Preconditions.java:106)
	at java.base/jdk.internal.util.Preconditions.checkIndex(Preconditions.java:302)
	at java.base/java.util.Objects.checkIndex(Objects.java:359)
	at java.base/java.util.ArrayList.get(ArrayList.java:427)
	at org.example.stepDefs.D07_followUsStepDef.validateFacebook(D07_followUsStepDef.java:38)
	at ✽.&quot;https://demo.nopcommerce.com/new-online-store-is-open&quot; is opened in new tab(file:///C:/Users/Yodawy/IdeaProjects/DemoNopCommerce/src/main/resources/features/F07_FollowUs.feature:15)
</pre></div><a href='#' onClick='toggleBox("stack-trace1711154833", this, "Click to show all stack frames", "Click to hide stack frames")'>Click to show all stack frames</a>
<div class='stack-trace' id='stack-trace1711154833'><pre>java.lang.IndexOutOfBoundsException: Index 1 out of bounds for length 1
	at java.base/jdk.internal.util.Preconditions.outOfBounds(Preconditions.java:100)
	at java.base/jdk.internal.util.Preconditions.outOfBoundsCheckIndex(Preconditions.java:106)
	at java.base/jdk.internal.util.Preconditions.checkIndex(Preconditions.java:302)
	at java.base/java.util.Objects.checkIndex(Objects.java:359)
	at java.base/java.util.ArrayList.get(ArrayList.java:427)
	at org.example.stepDefs.D07_followUsStepDef.validateFacebook(D07_followUsStepDef.java:38)
	at ✽.&quot;https://demo.nopcommerce.com/new-online-store-is-open&quot; is opened in new tab(file:///C:/Users/Yodawy/IdeaProjects/DemoNopCommerce/src/main/resources/features/F07_FollowUs.feature:15)
</pre></div></td>
<td>7</td>
<td>org.example.testRunner.Runners@60d8c9b7</td></tr>
</table><p>
<table width='100%' border='1' class='invocation-passed'>
<tr><td colspan='4' align='center'><b>PASSED TESTS</b></td></tr>
<tr><td><b>Test method</b></td>
<td><b>Attribute(s)</b></td>
<td width="30%"><b>Exception</b></td>
<td width="10%"><b>Time (seconds)</b></td>
<td><b>Instance</b></td>
</tr>
<tr>
<td title='org.example.testRunner.Runners.runScenario()'><b>runScenario</b><br>Test class: org.example.testRunner.Runners<br>Test method: Runs Cucumber Scenarios<br>Parameters: "user opens facebook link", "F07_FollowUs | users could open followUs links"</td>
<td></td>
<td>7</td>
<td>org.example.testRunner.Runners@60d8c9b7</td></tr>
<tr>
<td title='org.example.testRunner.Runners.runScenario()'><b>runScenario</b><br>Test class: org.example.testRunner.Runners<br>Test method: Runs Cucumber Scenarios<br>Parameters: "user opens youtube link", "F07_FollowUs | users could open followUs links"</td>
<td></td>
<td>8</td>
<td>org.example.testRunner.Runners@60d8c9b7</td></tr>
<tr>
<td title='org.example.testRunner.Runners.runScenario()'><b>runScenario</b><br>Test class: org.example.testRunner.Runners<br>Test method: Runs Cucumber Scenarios<br>Parameters: "user opens twitter link", "F07_FollowUs | users could open followUs links"</td>
<td></td>
<td>9</td>
<td>org.example.testRunner.Runners@60d8c9b7</td></tr>
</table><p>
</body>
</html>