<?xml version="1.0" encoding="UTF-8"?>
<!-- Generated by org.testng.reporters.JUnitReportReporter -->
<testsuite hostname="DESKTOP-UGLUGA7" failures="2" tests="19" name="org.example.testRunner.Runners" time="114.945" errors="1" timestamp="2022-07-23T21:28:24 EET" skipped="0">
  <testcase classname="org.example.testRunner.Runners" name="runScenario" time="5.672"/>
  <system-out/>
  <testcase classname="org.example.testRunner.Runners" name="runScenario" time="4.628"/>
  <system-out/>
  <testcase classname="org.example.testRunner.Runners" name="runScenario" time="4.641"/>
  <system-out/>
  <testcase classname="org.example.testRunner.Runners" name="runScenario" time="6.115">
    <error message="Index 1 out of bounds for length 1" type="java.lang.IndexOutOfBoundsException">
      <![CDATA[java.lang.IndexOutOfBoundsException: Index 1 out of bounds for length 1
at java.base/jdk.internal.util.Preconditions.outOfBounds(Preconditions.java:100)
at java.base/jdk.internal.util.Preconditions.outOfBoundsCheckIndex(Preconditions.java:106)
at java.base/jdk.internal.util.Preconditions.checkIndex(Preconditions.java:302)
at java.base/java.util.Objects.checkIndex(Objects.java:359)
at java.base/java.util.ArrayList.get(ArrayList.java:427)
at org.example.stepDefs.D07_followUsStepDef.validateFacebook(D07_followUsStepDef.java:37)
at ✽."https://demo.nopcommerce.com/new-online-store-is-open" is opened in new tab(file:///C:/Users/Yodawy/IdeaProjects/DemoNopCommerce/src/main/resources/features/F07_FollowUs.feature:15)
]]>
    </error>
  </testcase> <!-- runScenario -->
  <system-out/>
  <testcase classname="org.example.testRunner.Runners" name="runScenario" time="8.725"/>
  <system-out/>
  <testcase classname="org.example.testRunner.Runners" name="runScenario" time="4.748"/>
  <system-out/>
  <testcase classname="org.example.testRunner.Runners" name="runScenario" time="7.562"/>
  <system-out/>
  <testcase classname="org.example.testRunner.Runners" name="runScenario" time="5.618"/>
  <system-out/>
  <testcase classname="org.example.testRunner.Runners" name="runScenario" time="5.917"/>
  <system-out/>
  <testcase classname="org.example.testRunner.Runners" name="runScenario" time="8.715"/>
  <system-out/>
  <testcase classname="org.example.testRunner.Runners" name="runScenario" time="5.168"/>
  <system-out/>
  <testcase classname="org.example.testRunner.Runners" name="runScenario" time="5.268"/>
  <system-out/>
  <testcase classname="org.example.testRunner.Runners" name="runScenario" time="4.952"/>
  <system-out/>
  <testcase classname="org.example.testRunner.Runners" name="runScenario" time="6.340">
    <failure message="second slider expected [https://demo.nopcommerce.com/iphone-6] but found [https://demo.nopcommerce.com/]" type="java.lang.AssertionError">
      <![CDATA[java.lang.AssertionError: second slider expected [https://demo.nopcommerce.com/iphone-6] but found [https://demo.nopcommerce.com/]
at org.testng.Assert.fail(Assert.java:110)
at org.testng.Assert.failNotEquals(Assert.java:1413)
at org.testng.Assert.assertEqualsImpl(Assert.java:149)
at org.testng.Assert.assertEquals(Assert.java:131)
at org.testng.Assert.assertEquals(Assert.java:655)
at org.example.stepDefs.D06_homeSlidersStepDef.validateSecondSlider(D06_homeSlidersStepDef.java:37)
at ✽.validate "https://demo.nopcommerce.com/iphone-6" is correct on "second slider"(file:///C:/Users/Yodawy/IdeaProjects/DemoNopCommerce/src/main/resources/features/F06_HomeSliders.feature:13)
]]>
    </failure>
  </testcase> <!-- runScenario -->
  <system-out/>
  <testcase classname="org.example.testRunner.Runners" name="runScenario" time="6.114"/>
  <system-out/>
  <testcase classname="org.example.testRunner.Runners" name="runScenario" time="7.607"/>
  <system-out/>
  <testcase classname="org.example.testRunner.Runners" name="runScenario" time="5.737"/>
  <system-out/>
  <testcase classname="org.example.testRunner.Runners" name="runScenario" time="4.554"/>
  <system-out/>
  <testcase classname="org.example.testRunner.Runners" name="runScenario" time="6.864">
    <failure message="first slider expected [https://demo.nopcommerce.com/nokia-lumia-1020] but found [https://demo.nopcommerce.com/]" type="java.lang.AssertionError">
      <![CDATA[java.lang.AssertionError: first slider expected [https://demo.nopcommerce.com/nokia-lumia-1020] but found [https://demo.nopcommerce.com/]
at org.testng.Assert.fail(Assert.java:110)
at org.testng.Assert.failNotEquals(Assert.java:1413)
at org.testng.Assert.assertEqualsImpl(Assert.java:149)
at org.testng.Assert.assertEquals(Assert.java:131)
at org.testng.Assert.assertEquals(Assert.java:655)
at org.example.stepDefs.D06_homeSlidersStepDef.validateSecondSlider(D06_homeSlidersStepDef.java:37)
at ✽.validate "https://demo.nopcommerce.com/nokia-lumia-1020" is correct on "first slider"(file:///C:/Users/Yodawy/IdeaProjects/DemoNopCommerce/src/main/resources/features/F06_HomeSliders.feature:8)
]]>
    </failure>
  </testcase> <!-- runScenario -->
  <system-out/>
</testsuite> <!-- org.example.testRunner.Runners -->
